[0.181s] DEBUG:colcon:Command line arguments: ['/usr/bin/colcon', 'build', '--symlink-install']
[0.181s] DEBUG:colcon:Parsed command line arguments: Namespace(log_base=None, log_level=None, verb_name='build', build_base='build', install_base='install', merge_install=False, symlink_install=True, test_result_base=None, continue_on_error=False, executor='parallel', parallel_workers=1, event_handlers=None, ignore_user_meta=False, metas=['./colcon.meta'], base_paths=['.'], packages_ignore=None, packages_ignore_regex=None, paths=None, packages_up_to=None, packages_up_to_regex=None, packages_above=None, packages_above_and_dependencies=None, packages_above_depth=None, packages_select_by_dep=None, packages_skip_by_dep=None, packages_skip_up_to=None, packages_select_build_failed=False, packages_skip_build_finished=False, packages_select_test_failures=False, packages_skip_test_passed=False, packages_select=None, packages_skip=None, packages_select_regex=None, packages_skip_regex=None, packages_start=None, packages_end=None, allow_overriding=[], cmake_args=None, cmake_target=None, cmake_target_skip_unavailable=False, cmake_clean_cache=False, cmake_clean_first=False, cmake_force_configure=False, ament_cmake_args=None, catkin_cmake_args=None, catkin_skip_building_tests=False, verb_parser=<colcon_defaults.argument_parser.defaults.DefaultArgumentsDecorator object at 0x771441fffc40>, verb_extension=<colcon_core.verb.build.BuildVerb object at 0x771441fff340>, main=<bound method BuildVerb.main of <colcon_core.verb.build.BuildVerb object at 0x771441fff340>>)
[0.462s] Level 1:colcon.colcon_core.package_discovery:discover_packages(colcon_meta) check parameters
[0.462s] Level 1:colcon.colcon_core.package_discovery:discover_packages(recursive) check parameters
[0.462s] Level 1:colcon.colcon_core.package_discovery:discover_packages(ignore) check parameters
[0.462s] Level 1:colcon.colcon_core.package_discovery:discover_packages(path) check parameters
[0.463s] Level 1:colcon.colcon_core.package_discovery:discover_packages(colcon_meta) discover
[0.463s] Level 1:colcon.colcon_core.package_discovery:discover_packages(recursive) discover
[0.463s] INFO:colcon.colcon_core.package_discovery:Crawling recursively for packages in '/home/ubuntu/ros2_ws/src/sensor_temp'
[0.463s] Level 1:colcon.colcon_core.package_identification:_identify(.) by extensions ['ignore', 'ignore_ament_install']
[0.463s] Level 1:colcon.colcon_core.package_identification:_identify(.) by extension 'ignore'
[0.463s] Level 1:colcon.colcon_core.package_identification:_identify(.) by extension 'ignore_ament_install'
[0.463s] Level 1:colcon.colcon_core.package_identification:_identify(.) by extensions ['colcon_pkg']
[0.463s] Level 1:colcon.colcon_core.package_identification:_identify(.) by extension 'colcon_pkg'
[0.463s] Level 1:colcon.colcon_core.package_identification:_identify(.) by extensions ['colcon_meta']
[0.463s] Level 1:colcon.colcon_core.package_identification:_identify(.) by extension 'colcon_meta'
[0.463s] Level 1:colcon.colcon_core.package_identification:_identify(.) by extensions ['ros']
[0.463s] Level 1:colcon.colcon_core.package_identification:_identify(.) by extension 'ros'
[0.484s] DEBUG:colcon.colcon_core.package_identification:Package '.' with type 'ros.ament_cmake' and name 'sensor_temp'
[0.484s] Level 1:colcon.colcon_core.package_discovery:discover_packages(recursive) using defaults
[0.484s] Level 1:colcon.colcon_core.package_discovery:discover_packages(ignore) discover
[0.484s] Level 1:colcon.colcon_core.package_discovery:discover_packages(ignore) using defaults
[0.484s] Level 1:colcon.colcon_core.package_discovery:discover_packages(path) discover
[0.484s] Level 1:colcon.colcon_core.package_discovery:discover_packages(path) using defaults
[0.515s] Level 1:colcon.colcon_core.package_discovery:discover_packages(prefix_path) check parameters
[0.515s] Level 1:colcon.colcon_core.package_discovery:discover_packages(prefix_path) discover
[0.518s] DEBUG:colcon.colcon_installed_package_information.package_discovery:Found 11 installed packages in /home/ubuntu/ros2_ws/src/test/gps/install
[0.522s] DEBUG:colcon.colcon_installed_package_information.package_discovery:Found 274 installed packages in /opt/ros/humble
[0.537s] Level 1:colcon.colcon_core.package_discovery:discover_packages(prefix_path) using defaults
[0.611s] Level 5:colcon.colcon_core.verb:set package 'sensor_temp' build argument 'cmake_args' from command line to 'None'
[0.611s] Level 5:colcon.colcon_core.verb:set package 'sensor_temp' build argument 'cmake_target' from command line to 'None'
[0.611s] Level 5:colcon.colcon_core.verb:set package 'sensor_temp' build argument 'cmake_target_skip_unavailable' from command line to 'False'
[0.611s] Level 5:colcon.colcon_core.verb:set package 'sensor_temp' build argument 'cmake_clean_cache' from command line to 'False'
[0.611s] Level 5:colcon.colcon_core.verb:set package 'sensor_temp' build argument 'cmake_clean_first' from command line to 'False'
[0.611s] Level 5:colcon.colcon_core.verb:set package 'sensor_temp' build argument 'cmake_force_configure' from command line to 'False'
[0.611s] Level 5:colcon.colcon_core.verb:set package 'sensor_temp' build argument 'ament_cmake_args' from command line to 'None'
[0.611s] Level 5:colcon.colcon_core.verb:set package 'sensor_temp' build argument 'catkin_cmake_args' from command line to 'None'
[0.611s] Level 5:colcon.colcon_core.verb:set package 'sensor_temp' build argument 'catkin_skip_building_tests' from command line to 'False'
[0.611s] DEBUG:colcon.colcon_core.verb:Building package 'sensor_temp' with the following arguments: {'ament_cmake_args': None, 'build_base': '/home/ubuntu/ros2_ws/src/sensor_temp/build/sensor_temp', 'catkin_cmake_args': None, 'catkin_skip_building_tests': False, 'cmake_args': None, 'cmake_clean_cache': False, 'cmake_clean_first': False, 'cmake_force_configure': False, 'cmake_target': None, 'cmake_target_skip_unavailable': False, 'install_base': '/home/ubuntu/ros2_ws/src/sensor_temp/install/sensor_temp', 'merge_install': False, 'path': '/home/ubuntu/ros2_ws/src/sensor_temp', 'symlink_install': True, 'test_result_base': None}
[0.612s] INFO:colcon.colcon_core.executor:Executing jobs using 'parallel' executor
[0.613s] DEBUG:colcon.colcon_parallel_executor.executor.parallel:run_until_complete
[0.613s] INFO:colcon.colcon_ros.task.ament_cmake.build:Building ROS package in '/home/ubuntu/ros2_ws/src/sensor_temp' with build type 'ament_cmake'
[0.613s] INFO:colcon.colcon_cmake.task.cmake.build:Building CMake package in '/home/ubuntu/ros2_ws/src/sensor_temp'
[0.616s] INFO:colcon.colcon_core.plugin_system:Skipping extension 'colcon_core.shell.bat': Not used on non-Windows systems
[0.616s] INFO:colcon.colcon_core.shell:Skip shell extension 'powershell' for command environment: Not usable outside of PowerShell
[0.616s] DEBUG:colcon.colcon_core.shell:Skip shell extension 'dsv' for command environment
[0.629s] DEBUG:colcon.colcon_core.event_handler.log_command:Invoking command in '/home/ubuntu/ros2_ws/src/sensor_temp/build/sensor_temp': CMAKE_PREFIX_PATH=${CMAKE_PREFIX_PATH}:/opt/ros/humble /usr/bin/cmake /home/ubuntu/ros2_ws/src/sensor_temp -DAMENT_CMAKE_SYMLINK_INSTALL=1 -DCMAKE_INSTALL_PREFIX=/home/ubuntu/ros2_ws/src/sensor_temp/install/sensor_temp
[3.172s] DEBUG:colcon.colcon_core.event_handler.log_command:Invoked command in '/home/ubuntu/ros2_ws/src/sensor_temp/build/sensor_temp' returned '0': CMAKE_PREFIX_PATH=${CMAKE_PREFIX_PATH}:/opt/ros/humble /usr/bin/cmake /home/ubuntu/ros2_ws/src/sensor_temp -DAMENT_CMAKE_SYMLINK_INSTALL=1 -DCMAKE_INSTALL_PREFIX=/home/ubuntu/ros2_ws/src/sensor_temp/install/sensor_temp
[3.173s] DEBUG:colcon.colcon_core.event_handler.log_command:Invoking command in '/home/ubuntu/ros2_ws/src/sensor_temp/build/sensor_temp': CMAKE_PREFIX_PATH=${CMAKE_PREFIX_PATH}:/opt/ros/humble /usr/bin/cmake --build /home/ubuntu/ros2_ws/src/sensor_temp/build/sensor_temp -- -j1 -l1
[14.490s] DEBUG:colcon.colcon_core.event_handler.log_command:Invoked command in '/home/ubuntu/ros2_ws/src/sensor_temp/build/sensor_temp' returned '0': CMAKE_PREFIX_PATH=${CMAKE_PREFIX_PATH}:/opt/ros/humble /usr/bin/cmake --build /home/ubuntu/ros2_ws/src/sensor_temp/build/sensor_temp -- -j1 -l1
[14.535s] DEBUG:colcon.colcon_core.event_handler.log_command:Invoking command in '/home/ubuntu/ros2_ws/src/sensor_temp/build/sensor_temp': CMAKE_PREFIX_PATH=${CMAKE_PREFIX_PATH}:/opt/ros/humble /usr/bin/cmake --install /home/ubuntu/ros2_ws/src/sensor_temp/build/sensor_temp
[14.723s] Level 1:colcon.colcon_core.environment:create_environment_scripts_only(sensor_temp)
[14.726s] DEBUG:colcon.colcon_core.event_handler.log_command:Invoked command in '/home/ubuntu/ros2_ws/src/sensor_temp/build/sensor_temp' returned '0': CMAKE_PREFIX_PATH=${CMAKE_PREFIX_PATH}:/opt/ros/humble /usr/bin/cmake --install /home/ubuntu/ros2_ws/src/sensor_temp/build/sensor_temp
[14.727s] Level 1:colcon.colcon_core.environment:checking '/home/ubuntu/ros2_ws/src/sensor_temp/install/sensor_temp' for CMake module files
[14.727s] Level 1:colcon.colcon_core.environment:checking '/home/ubuntu/ros2_ws/src/sensor_temp/install/sensor_temp' for CMake config files
[14.728s] Level 1:colcon.colcon_core.shell:create_environment_hook('sensor_temp', 'cmake_prefix_path')
[14.728s] INFO:colcon.colcon_core.shell:Creating environment hook '/home/ubuntu/ros2_ws/src/sensor_temp/install/sensor_temp/share/sensor_temp/hook/cmake_prefix_path.ps1'
[14.729s] INFO:colcon.colcon_core.shell:Creating environment descriptor '/home/ubuntu/ros2_ws/src/sensor_temp/install/sensor_temp/share/sensor_temp/hook/cmake_prefix_path.dsv'
[14.730s] INFO:colcon.colcon_core.shell:Creating environment hook '/home/ubuntu/ros2_ws/src/sensor_temp/install/sensor_temp/share/sensor_temp/hook/cmake_prefix_path.sh'
[14.731s] Level 1:colcon.colcon_core.environment:checking '/home/ubuntu/ros2_ws/src/sensor_temp/install/sensor_temp/lib'
[14.731s] Level 1:colcon.colcon_core.environment:checking '/home/ubuntu/ros2_ws/src/sensor_temp/install/sensor_temp/bin'
[14.731s] Level 1:colcon.colcon_core.environment:checking '/home/ubuntu/ros2_ws/src/sensor_temp/install/sensor_temp/lib/pkgconfig/sensor_temp.pc'
[14.732s] Level 1:colcon.colcon_core.environment:checking '/home/ubuntu/ros2_ws/src/sensor_temp/install/sensor_temp/lib/python3.10/site-packages'
[14.732s] Level 1:colcon.colcon_core.environment:checking '/home/ubuntu/ros2_ws/src/sensor_temp/install/sensor_temp/bin'
[14.733s] INFO:colcon.colcon_core.shell:Creating package script '/home/ubuntu/ros2_ws/src/sensor_temp/install/sensor_temp/share/sensor_temp/package.ps1'
[14.734s] INFO:colcon.colcon_core.shell:Creating package descriptor '/home/ubuntu/ros2_ws/src/sensor_temp/install/sensor_temp/share/sensor_temp/package.dsv'
[14.734s] INFO:colcon.colcon_core.shell:Creating package script '/home/ubuntu/ros2_ws/src/sensor_temp/install/sensor_temp/share/sensor_temp/package.sh'
[14.735s] INFO:colcon.colcon_core.shell:Creating package script '/home/ubuntu/ros2_ws/src/sensor_temp/install/sensor_temp/share/sensor_temp/package.bash'
[14.736s] INFO:colcon.colcon_core.shell:Creating package script '/home/ubuntu/ros2_ws/src/sensor_temp/install/sensor_temp/share/sensor_temp/package.zsh'
[14.738s] Level 1:colcon.colcon_core.environment:create_file_with_runtime_dependencies(/home/ubuntu/ros2_ws/src/sensor_temp/install/sensor_temp/share/colcon-core/packages/sensor_temp)
[14.771s] Level 1:colcon.colcon_core.environment:create_environment_scripts_only(sensor_temp)
[14.772s] Level 1:colcon.colcon_core.environment:checking '/home/ubuntu/ros2_ws/src/sensor_temp/install/sensor_temp' for CMake module files
[14.773s] Level 1:colcon.colcon_core.environment:checking '/home/ubuntu/ros2_ws/src/sensor_temp/install/sensor_temp' for CMake config files
[14.773s] Level 1:colcon.colcon_core.shell:create_environment_hook('sensor_temp', 'cmake_prefix_path')
[14.774s] INFO:colcon.colcon_core.shell:Creating environment hook '/home/ubuntu/ros2_ws/src/sensor_temp/install/sensor_temp/share/sensor_temp/hook/cmake_prefix_path.ps1'
[14.774s] INFO:colcon.colcon_core.shell:Creating environment descriptor '/home/ubuntu/ros2_ws/src/sensor_temp/install/sensor_temp/share/sensor_temp/hook/cmake_prefix_path.dsv'
[14.775s] INFO:colcon.colcon_core.shell:Creating environment hook '/home/ubuntu/ros2_ws/src/sensor_temp/install/sensor_temp/share/sensor_temp/hook/cmake_prefix_path.sh'
[14.776s] Level 1:colcon.colcon_core.environment:checking '/home/ubuntu/ros2_ws/src/sensor_temp/install/sensor_temp/lib'
[14.776s] Level 1:colcon.colcon_core.environment:checking '/home/ubuntu/ros2_ws/src/sensor_temp/install/sensor_temp/bin'
[14.776s] Level 1:colcon.colcon_core.environment:checking '/home/ubuntu/ros2_ws/src/sensor_temp/install/sensor_temp/lib/pkgconfig/sensor_temp.pc'
[14.776s] Level 1:colcon.colcon_core.environment:checking '/home/ubuntu/ros2_ws/src/sensor_temp/install/sensor_temp/lib/python3.10/site-packages'
[14.777s] Level 1:colcon.colcon_core.environment:checking '/home/ubuntu/ros2_ws/src/sensor_temp/install/sensor_temp/bin'
[14.777s] INFO:colcon.colcon_core.shell:Creating package script '/home/ubuntu/ros2_ws/src/sensor_temp/install/sensor_temp/share/sensor_temp/package.ps1'
[14.778s] INFO:colcon.colcon_core.shell:Creating package descriptor '/home/ubuntu/ros2_ws/src/sensor_temp/install/sensor_temp/share/sensor_temp/package.dsv'
[14.779s] INFO:colcon.colcon_core.shell:Creating package script '/home/ubuntu/ros2_ws/src/sensor_temp/install/sensor_temp/share/sensor_temp/package.sh'
[14.783s] INFO:colcon.colcon_core.shell:Creating package script '/home/ubuntu/ros2_ws/src/sensor_temp/install/sensor_temp/share/sensor_temp/package.bash'
[14.784s] INFO:colcon.colcon_core.shell:Creating package script '/home/ubuntu/ros2_ws/src/sensor_temp/install/sensor_temp/share/sensor_temp/package.zsh'
[14.784s] Level 1:colcon.colcon_core.environment:create_file_with_runtime_dependencies(/home/ubuntu/ros2_ws/src/sensor_temp/install/sensor_temp/share/colcon-core/packages/sensor_temp)
[14.785s] DEBUG:colcon.colcon_parallel_executor.executor.parallel:closing loop
[14.786s] DEBUG:colcon.colcon_parallel_executor.executor.parallel:loop closed
[14.786s] DEBUG:colcon.colcon_parallel_executor.executor.parallel:run_until_complete finished with '0'
[14.786s] DEBUG:colcon.colcon_core.event_reactor:joining thread
[14.795s] INFO:colcon.colcon_core.plugin_system:Skipping extension 'colcon_notification.desktop_notification.terminal_notifier': Not used on non-Darwin systems
[14.796s] INFO:colcon.colcon_core.plugin_system:Skipping extension 'colcon_notification.desktop_notification.win32': Not used on non-Windows systems
[14.796s] INFO:colcon.colcon_notification.desktop_notification:Sending desktop notification using 'notify2'
[14.819s] DEBUG:colcon.colcon_core.event_reactor:joined thread
[14.820s] INFO:colcon.colcon_core.shell:Creating prefix script '/home/ubuntu/ros2_ws/src/sensor_temp/install/local_setup.ps1'
[14.821s] INFO:colcon.colcon_core.shell:Creating prefix util module '/home/ubuntu/ros2_ws/src/sensor_temp/install/_local_setup_util_ps1.py'
[14.824s] INFO:colcon.colcon_core.shell:Creating prefix chain script '/home/ubuntu/ros2_ws/src/sensor_temp/install/setup.ps1'
[14.834s] INFO:colcon.colcon_core.shell:Creating prefix script '/home/ubuntu/ros2_ws/src/sensor_temp/install/local_setup.sh'
[14.835s] INFO:colcon.colcon_core.shell:Creating prefix util module '/home/ubuntu/ros2_ws/src/sensor_temp/install/_local_setup_util_sh.py'
[14.835s] INFO:colcon.colcon_core.shell:Creating prefix chain script '/home/ubuntu/ros2_ws/src/sensor_temp/install/setup.sh'
[14.837s] INFO:colcon.colcon_core.shell:Creating prefix script '/home/ubuntu/ros2_ws/src/sensor_temp/install/local_setup.bash'
[14.841s] INFO:colcon.colcon_core.shell:Creating prefix chain script '/home/ubuntu/ros2_ws/src/sensor_temp/install/setup.bash'
[14.843s] INFO:colcon.colcon_core.shell:Creating prefix script '/home/ubuntu/ros2_ws/src/sensor_temp/install/local_setup.zsh'
[14.843s] INFO:colcon.colcon_core.shell:Creating prefix chain script '/home/ubuntu/ros2_ws/src/sensor_temp/install/setup.zsh'
