[0.072s] DEBUG:colcon:Command line arguments: ['/usr/bin/colcon', 'build', '--symlink-install']
[0.073s] DEBUG:colcon:Parsed command line arguments: Namespace(log_base=None, log_level=None, verb_name='build', build_base='build', install_base='install', merge_install=False, symlink_install=True, test_result_base=None, continue_on_error=False, executor='parallel', parallel_workers=8, event_handlers=None, ignore_user_meta=False, metas=['./colcon.meta'], base_paths=['.'], packages_ignore=None, packages_ignore_regex=None, paths=None, packages_up_to=None, packages_up_to_regex=None, packages_above=None, packages_above_and_dependencies=None, packages_above_depth=None, packages_select_by_dep=None, packages_skip_by_dep=None, packages_skip_up_to=None, packages_select_build_failed=False, packages_skip_build_finished=False, packages_select_test_failures=False, packages_skip_test_passed=False, packages_select=None, packages_skip=None, packages_select_regex=None, packages_skip_regex=None, packages_start=None, packages_end=None, allow_overriding=[], cmake_args=None, cmake_target=None, cmake_target_skip_unavailable=False, cmake_clean_cache=False, cmake_clean_first=False, cmake_force_configure=False, ament_cmake_args=None, catkin_cmake_args=None, catkin_skip_building_tests=False, verb_parser=<colcon_defaults.argument_parser.defaults.DefaultArgumentsDecorator object at 0x77c68c00ad10>, verb_extension=<colcon_core.verb.build.BuildVerb object at 0x77c68c00a8c0>, main=<bound method BuildVerb.main of <colcon_core.verb.build.BuildVerb object at 0x77c68c00a8c0>>)
[0.169s] Level 1:colcon.colcon_core.package_discovery:discover_packages(colcon_meta) check parameters
[0.169s] Level 1:colcon.colcon_core.package_discovery:discover_packages(recursive) check parameters
[0.169s] Level 1:colcon.colcon_core.package_discovery:discover_packages(ignore) check parameters
[0.169s] Level 1:colcon.colcon_core.package_discovery:discover_packages(path) check parameters
[0.169s] Level 1:colcon.colcon_core.package_discovery:discover_packages(colcon_meta) discover
[0.169s] Level 1:colcon.colcon_core.package_discovery:discover_packages(recursive) discover
[0.169s] INFO:colcon.colcon_core.package_discovery:Crawling recursively for packages in '/home/nuc-bt/kec_ws/src/sensor/sensor_temp'
[0.169s] Level 1:colcon.colcon_core.package_identification:_identify(.) by extensions ['ignore', 'ignore_ament_install']
[0.169s] Level 1:colcon.colcon_core.package_identification:_identify(.) by extension 'ignore'
[0.169s] Level 1:colcon.colcon_core.package_identification:_identify(.) by extension 'ignore_ament_install'
[0.169s] Level 1:colcon.colcon_core.package_identification:_identify(.) by extensions ['colcon_pkg']
[0.169s] Level 1:colcon.colcon_core.package_identification:_identify(.) by extension 'colcon_pkg'
[0.169s] Level 1:colcon.colcon_core.package_identification:_identify(.) by extensions ['colcon_meta']
[0.169s] Level 1:colcon.colcon_core.package_identification:_identify(.) by extension 'colcon_meta'
[0.169s] Level 1:colcon.colcon_core.package_identification:_identify(.) by extensions ['ros']
[0.170s] Level 1:colcon.colcon_core.package_identification:_identify(.) by extension 'ros'
[0.178s] DEBUG:colcon.colcon_core.package_identification:Package '.' with type 'ros.ament_cmake' and name 'sensor_temp'
[0.178s] Level 1:colcon.colcon_core.package_discovery:discover_packages(recursive) using defaults
[0.178s] Level 1:colcon.colcon_core.package_discovery:discover_packages(ignore) discover
[0.178s] Level 1:colcon.colcon_core.package_discovery:discover_packages(ignore) using defaults
[0.178s] Level 1:colcon.colcon_core.package_discovery:discover_packages(path) discover
[0.178s] Level 1:colcon.colcon_core.package_discovery:discover_packages(path) using defaults
[0.191s] Level 1:colcon.colcon_core.package_discovery:discover_packages(prefix_path) check parameters
[0.191s] Level 1:colcon.colcon_core.package_discovery:discover_packages(prefix_path) discover
[0.193s] DEBUG:colcon.colcon_installed_package_information.package_discovery:Found 1 installed packages in /home/nuc-bt/kec_ws/launch/total_launcher/install
[0.193s] DEBUG:colcon.colcon_installed_package_information.package_discovery:Found 1 installed packages in /home/nuc-bt/kec_ws/src/service/sound_player/install
[0.193s] DEBUG:colcon.colcon_installed_package_information.package_discovery:Found 2 installed packages in /home/nuc-bt/kec_ws/src/service/path_graph_data/install
[0.193s] DEBUG:colcon.colcon_installed_package_information.package_discovery:Found 2 installed packages in /home/nuc-bt/kec_ws/src/service/information/install
[0.193s] DEBUG:colcon.colcon_installed_package_information.package_discovery:Found 1 installed packages in /home/nuc-bt/kec_ws/src/sensor/sensor_temp/install
[0.194s] DEBUG:colcon.colcon_installed_package_information.package_discovery:Found 10 installed packages in /home/nuc-bt/kec_ws/src/sensor/lidar/install
[0.194s] DEBUG:colcon.colcon_installed_package_information.package_discovery:Found 7 installed packages in /home/nuc-bt/kec_ws/src/sensor/imu/install
[0.194s] DEBUG:colcon.colcon_installed_package_information.package_discovery:Found 9 installed packages in /home/nuc-bt/kec_ws/src/sensor/gps/install
[0.195s] DEBUG:colcon.colcon_installed_package_information.package_discovery:Found 7 installed packages in /home/nuc-bt/kec_ws/src/drive/controller/install
[0.195s] DEBUG:colcon.colcon_installed_package_information.package_discovery:Found 3 installed packages in /home/nuc-bt/kec_ws/src/drive/gps_navigation/install
[0.195s] DEBUG:colcon.colcon_installed_package_information.package_discovery:Found 2 installed packages in /home/nuc-bt/kec_ws/src/drive/route_devation/install
[0.195s] DEBUG:colcon.colcon_installed_package_information.package_discovery:Found 2 installed packages in /home/nuc-bt/kec_ws/src/drive/obstacle_detection/install
[0.195s] DEBUG:colcon.colcon_installed_package_information.package_discovery:Found 1 installed packages in /home/nuc-bt/kec_ws/src/rms/ktp_rms/ktp_interface/install
[0.196s] DEBUG:colcon.colcon_installed_package_information.package_discovery:Found 1 installed packages in /home/nuc-bt/kec_ws/src/rms/ktp_rms/ktp_task_controller/install
[0.196s] DEBUG:colcon.colcon_installed_package_information.package_discovery:Found 1 installed packages in /home/nuc-bt/kec_ws/src/rms/ktp_rms/ktp_data_manager/install
[0.196s] DEBUG:colcon.colcon_installed_package_information.package_discovery:Found 1 installed packages in /home/nuc-bt/kec_ws/src/rms/ktp_rms/ktp_data_msgs/install
[0.197s] DEBUG:colcon.colcon_installed_package_information.package_discovery:Found 276 installed packages in /opt/ros/humble
[0.198s] Level 1:colcon.colcon_core.package_discovery:discover_packages(prefix_path) using defaults
[0.227s] Level 5:colcon.colcon_core.verb:set package 'sensor_temp' build argument 'cmake_args' from command line to 'None'
[0.227s] Level 5:colcon.colcon_core.verb:set package 'sensor_temp' build argument 'cmake_target' from command line to 'None'
[0.227s] Level 5:colcon.colcon_core.verb:set package 'sensor_temp' build argument 'cmake_target_skip_unavailable' from command line to 'False'
[0.227s] Level 5:colcon.colcon_core.verb:set package 'sensor_temp' build argument 'cmake_clean_cache' from command line to 'False'
[0.227s] Level 5:colcon.colcon_core.verb:set package 'sensor_temp' build argument 'cmake_clean_first' from command line to 'False'
[0.227s] Level 5:colcon.colcon_core.verb:set package 'sensor_temp' build argument 'cmake_force_configure' from command line to 'False'
[0.227s] Level 5:colcon.colcon_core.verb:set package 'sensor_temp' build argument 'ament_cmake_args' from command line to 'None'
[0.227s] Level 5:colcon.colcon_core.verb:set package 'sensor_temp' build argument 'catkin_cmake_args' from command line to 'None'
[0.228s] Level 5:colcon.colcon_core.verb:set package 'sensor_temp' build argument 'catkin_skip_building_tests' from command line to 'False'
[0.228s] DEBUG:colcon.colcon_core.verb:Building package 'sensor_temp' with the following arguments: {'ament_cmake_args': None, 'build_base': '/home/nuc-bt/kec_ws/src/sensor/sensor_temp/build/sensor_temp', 'catkin_cmake_args': None, 'catkin_skip_building_tests': False, 'cmake_args': None, 'cmake_clean_cache': False, 'cmake_clean_first': False, 'cmake_force_configure': False, 'cmake_target': None, 'cmake_target_skip_unavailable': False, 'install_base': '/home/nuc-bt/kec_ws/src/sensor/sensor_temp/install/sensor_temp', 'merge_install': False, 'path': '/home/nuc-bt/kec_ws/src/sensor/sensor_temp', 'symlink_install': True, 'test_result_base': None}
[0.228s] INFO:colcon.colcon_core.executor:Executing jobs using 'parallel' executor
[0.228s] DEBUG:colcon.colcon_parallel_executor.executor.parallel:run_until_complete
[0.229s] INFO:colcon.colcon_ros.task.ament_cmake.build:Building ROS package in '/home/nuc-bt/kec_ws/src/sensor/sensor_temp' with build type 'ament_cmake'
[0.229s] INFO:colcon.colcon_cmake.task.cmake.build:Building CMake package in '/home/nuc-bt/kec_ws/src/sensor/sensor_temp'
[0.230s] INFO:colcon.colcon_core.plugin_system:Skipping extension 'colcon_core.shell.bat': Not used on non-Windows systems
[0.230s] INFO:colcon.colcon_core.shell:Skip shell extension 'powershell' for command environment: Not usable outside of PowerShell
[0.230s] DEBUG:colcon.colcon_core.shell:Skip shell extension 'dsv' for command environment
[0.240s] DEBUG:colcon.colcon_core.event_handler.log_command:Invoking command in '/home/nuc-bt/kec_ws/src/sensor/sensor_temp/build/sensor_temp': CMAKE_PREFIX_PATH=${CMAKE_PREFIX_PATH}:/home/nuc-bt/kec_ws/src/service/sound_player/install/sound_player:/home/nuc-bt/kec_ws/src/service/path_graph_data/install/path_storage:/home/nuc-bt/kec_ws/src/sensor/gps/install/ntrip_client:/home/nuc-bt/kec_ws/src/rms/ktp_rms/ktp_interface/install/ktp_interface:/home/nuc-bt/kec_ws/src/rms/ktp_rms/ktp_task_controller/install/ktp_task_controller:/home/nuc-bt/kec_ws/src/rms/ktp_rms/ktp_data_manager/install/ktp_data_manager:/opt/ros/humble /usr/bin/cmake --build /home/nuc-bt/kec_ws/src/sensor/sensor_temp/build/sensor_temp -- -j8 -l8
[0.298s] DEBUG:colcon.colcon_core.event_handler.log_command:Invoked command in '/home/nuc-bt/kec_ws/src/sensor/sensor_temp/build/sensor_temp' returned '0': CMAKE_PREFIX_PATH=${CMAKE_PREFIX_PATH}:/home/nuc-bt/kec_ws/src/service/sound_player/install/sound_player:/home/nuc-bt/kec_ws/src/service/path_graph_data/install/path_storage:/home/nuc-bt/kec_ws/src/sensor/gps/install/ntrip_client:/home/nuc-bt/kec_ws/src/rms/ktp_rms/ktp_interface/install/ktp_interface:/home/nuc-bt/kec_ws/src/rms/ktp_rms/ktp_task_controller/install/ktp_task_controller:/home/nuc-bt/kec_ws/src/rms/ktp_rms/ktp_data_manager/install/ktp_data_manager:/opt/ros/humble /usr/bin/cmake --build /home/nuc-bt/kec_ws/src/sensor/sensor_temp/build/sensor_temp -- -j8 -l8
[0.333s] DEBUG:colcon.colcon_core.event_handler.log_command:Invoking command in '/home/nuc-bt/kec_ws/src/sensor/sensor_temp/build/sensor_temp': CMAKE_PREFIX_PATH=${CMAKE_PREFIX_PATH}:/home/nuc-bt/kec_ws/src/service/sound_player/install/sound_player:/home/nuc-bt/kec_ws/src/service/path_graph_data/install/path_storage:/home/nuc-bt/kec_ws/src/sensor/gps/install/ntrip_client:/home/nuc-bt/kec_ws/src/rms/ktp_rms/ktp_interface/install/ktp_interface:/home/nuc-bt/kec_ws/src/rms/ktp_rms/ktp_task_controller/install/ktp_task_controller:/home/nuc-bt/kec_ws/src/rms/ktp_rms/ktp_data_manager/install/ktp_data_manager:/opt/ros/humble /usr/bin/cmake --install /home/nuc-bt/kec_ws/src/sensor/sensor_temp/build/sensor_temp
[0.350s] Level 1:colcon.colcon_core.environment:create_environment_scripts_only(sensor_temp)
[0.350s] DEBUG:colcon.colcon_core.event_handler.log_command:Invoked command in '/home/nuc-bt/kec_ws/src/sensor/sensor_temp/build/sensor_temp' returned '0': CMAKE_PREFIX_PATH=${CMAKE_PREFIX_PATH}:/home/nuc-bt/kec_ws/src/service/sound_player/install/sound_player:/home/nuc-bt/kec_ws/src/service/path_graph_data/install/path_storage:/home/nuc-bt/kec_ws/src/sensor/gps/install/ntrip_client:/home/nuc-bt/kec_ws/src/rms/ktp_rms/ktp_interface/install/ktp_interface:/home/nuc-bt/kec_ws/src/rms/ktp_rms/ktp_task_controller/install/ktp_task_controller:/home/nuc-bt/kec_ws/src/rms/ktp_rms/ktp_data_manager/install/ktp_data_manager:/opt/ros/humble /usr/bin/cmake --install /home/nuc-bt/kec_ws/src/sensor/sensor_temp/build/sensor_temp
[0.352s] Level 1:colcon.colcon_core.environment:checking '/home/nuc-bt/kec_ws/src/sensor/sensor_temp/install/sensor_temp' for CMake module files
[0.352s] Level 1:colcon.colcon_core.environment:checking '/home/nuc-bt/kec_ws/src/sensor/sensor_temp/install/sensor_temp' for CMake config files
[0.352s] Level 1:colcon.colcon_core.shell:create_environment_hook('sensor_temp', 'cmake_prefix_path')
[0.352s] INFO:colcon.colcon_core.shell:Creating environment hook '/home/nuc-bt/kec_ws/src/sensor/sensor_temp/install/sensor_temp/share/sensor_temp/hook/cmake_prefix_path.ps1'
[0.353s] INFO:colcon.colcon_core.shell:Creating environment descriptor '/home/nuc-bt/kec_ws/src/sensor/sensor_temp/install/sensor_temp/share/sensor_temp/hook/cmake_prefix_path.dsv'
[0.353s] INFO:colcon.colcon_core.shell:Creating environment hook '/home/nuc-bt/kec_ws/src/sensor/sensor_temp/install/sensor_temp/share/sensor_temp/hook/cmake_prefix_path.sh'
[0.354s] Level 1:colcon.colcon_core.environment:checking '/home/nuc-bt/kec_ws/src/sensor/sensor_temp/install/sensor_temp/lib'
[0.354s] Level 1:colcon.colcon_core.environment:checking '/home/nuc-bt/kec_ws/src/sensor/sensor_temp/install/sensor_temp/bin'
[0.354s] Level 1:colcon.colcon_core.environment:checking '/home/nuc-bt/kec_ws/src/sensor/sensor_temp/install/sensor_temp/lib/pkgconfig/sensor_temp.pc'
[0.354s] Level 1:colcon.colcon_core.environment:checking '/home/nuc-bt/kec_ws/src/sensor/sensor_temp/install/sensor_temp/lib/python3.10/site-packages'
[0.354s] Level 1:colcon.colcon_core.environment:checking '/home/nuc-bt/kec_ws/src/sensor/sensor_temp/install/sensor_temp/bin'
[0.354s] INFO:colcon.colcon_core.shell:Creating package script '/home/nuc-bt/kec_ws/src/sensor/sensor_temp/install/sensor_temp/share/sensor_temp/package.ps1'
[0.355s] INFO:colcon.colcon_core.shell:Creating package descriptor '/home/nuc-bt/kec_ws/src/sensor/sensor_temp/install/sensor_temp/share/sensor_temp/package.dsv'
[0.355s] INFO:colcon.colcon_core.shell:Creating package script '/home/nuc-bt/kec_ws/src/sensor/sensor_temp/install/sensor_temp/share/sensor_temp/package.sh'
[0.355s] INFO:colcon.colcon_core.shell:Creating package script '/home/nuc-bt/kec_ws/src/sensor/sensor_temp/install/sensor_temp/share/sensor_temp/package.bash'
[0.356s] INFO:colcon.colcon_core.shell:Creating package script '/home/nuc-bt/kec_ws/src/sensor/sensor_temp/install/sensor_temp/share/sensor_temp/package.zsh'
[0.356s] Level 1:colcon.colcon_core.environment:create_file_with_runtime_dependencies(/home/nuc-bt/kec_ws/src/sensor/sensor_temp/install/sensor_temp/share/colcon-core/packages/sensor_temp)
[0.385s] Level 1:colcon.colcon_core.environment:create_environment_scripts_only(sensor_temp)
[0.385s] Level 1:colcon.colcon_core.environment:checking '/home/nuc-bt/kec_ws/src/sensor/sensor_temp/install/sensor_temp' for CMake module files
[0.386s] Level 1:colcon.colcon_core.environment:checking '/home/nuc-bt/kec_ws/src/sensor/sensor_temp/install/sensor_temp' for CMake config files
[0.386s] Level 1:colcon.colcon_core.shell:create_environment_hook('sensor_temp', 'cmake_prefix_path')
[0.386s] INFO:colcon.colcon_core.shell:Creating environment hook '/home/nuc-bt/kec_ws/src/sensor/sensor_temp/install/sensor_temp/share/sensor_temp/hook/cmake_prefix_path.ps1'
[0.386s] INFO:colcon.colcon_core.shell:Creating environment descriptor '/home/nuc-bt/kec_ws/src/sensor/sensor_temp/install/sensor_temp/share/sensor_temp/hook/cmake_prefix_path.dsv'
[0.387s] INFO:colcon.colcon_core.shell:Creating environment hook '/home/nuc-bt/kec_ws/src/sensor/sensor_temp/install/sensor_temp/share/sensor_temp/hook/cmake_prefix_path.sh'
[0.387s] Level 1:colcon.colcon_core.environment:checking '/home/nuc-bt/kec_ws/src/sensor/sensor_temp/install/sensor_temp/lib'
[0.387s] Level 1:colcon.colcon_core.environment:checking '/home/nuc-bt/kec_ws/src/sensor/sensor_temp/install/sensor_temp/bin'
[0.387s] Level 1:colcon.colcon_core.environment:checking '/home/nuc-bt/kec_ws/src/sensor/sensor_temp/install/sensor_temp/lib/pkgconfig/sensor_temp.pc'
[0.387s] Level 1:colcon.colcon_core.environment:checking '/home/nuc-bt/kec_ws/src/sensor/sensor_temp/install/sensor_temp/lib/python3.10/site-packages'
[0.387s] Level 1:colcon.colcon_core.environment:checking '/home/nuc-bt/kec_ws/src/sensor/sensor_temp/install/sensor_temp/bin'
[0.387s] INFO:colcon.colcon_core.shell:Creating package script '/home/nuc-bt/kec_ws/src/sensor/sensor_temp/install/sensor_temp/share/sensor_temp/package.ps1'
[0.388s] INFO:colcon.colcon_core.shell:Creating package descriptor '/home/nuc-bt/kec_ws/src/sensor/sensor_temp/install/sensor_temp/share/sensor_temp/package.dsv'
[0.388s] INFO:colcon.colcon_core.shell:Creating package script '/home/nuc-bt/kec_ws/src/sensor/sensor_temp/install/sensor_temp/share/sensor_temp/package.sh'
[0.388s] INFO:colcon.colcon_core.shell:Creating package script '/home/nuc-bt/kec_ws/src/sensor/sensor_temp/install/sensor_temp/share/sensor_temp/package.bash'
[0.389s] INFO:colcon.colcon_core.shell:Creating package script '/home/nuc-bt/kec_ws/src/sensor/sensor_temp/install/sensor_temp/share/sensor_temp/package.zsh'
[0.389s] Level 1:colcon.colcon_core.environment:create_file_with_runtime_dependencies(/home/nuc-bt/kec_ws/src/sensor/sensor_temp/install/sensor_temp/share/colcon-core/packages/sensor_temp)
[0.389s] DEBUG:colcon.colcon_parallel_executor.executor.parallel:closing loop
[0.389s] DEBUG:colcon.colcon_parallel_executor.executor.parallel:loop closed
[0.389s] DEBUG:colcon.colcon_parallel_executor.executor.parallel:run_until_complete finished with '0'
[0.389s] DEBUG:colcon.colcon_core.event_reactor:joining thread
[0.393s] INFO:colcon.colcon_core.plugin_system:Skipping extension 'colcon_notification.desktop_notification.terminal_notifier': Not used on non-Darwin systems
[0.393s] INFO:colcon.colcon_core.plugin_system:Skipping extension 'colcon_notification.desktop_notification.win32': Not used on non-Windows systems
[0.393s] INFO:colcon.colcon_notification.desktop_notification:Sending desktop notification using 'notify2'
[0.399s] DEBUG:colcon.colcon_core.event_reactor:joined thread
[0.399s] INFO:colcon.colcon_core.shell:Creating prefix script '/home/nuc-bt/kec_ws/src/sensor/sensor_temp/install/local_setup.ps1'
[0.400s] INFO:colcon.colcon_core.shell:Creating prefix util module '/home/nuc-bt/kec_ws/src/sensor/sensor_temp/install/_local_setup_util_ps1.py'
[0.400s] INFO:colcon.colcon_core.shell:Creating prefix chain script '/home/nuc-bt/kec_ws/src/sensor/sensor_temp/install/setup.ps1'
[0.402s] INFO:colcon.colcon_core.shell:Creating prefix script '/home/nuc-bt/kec_ws/src/sensor/sensor_temp/install/local_setup.sh'
[0.402s] INFO:colcon.colcon_core.shell:Creating prefix util module '/home/nuc-bt/kec_ws/src/sensor/sensor_temp/install/_local_setup_util_sh.py'
[0.403s] INFO:colcon.colcon_core.shell:Creating prefix chain script '/home/nuc-bt/kec_ws/src/sensor/sensor_temp/install/setup.sh'
[0.405s] INFO:colcon.colcon_core.shell:Creating prefix script '/home/nuc-bt/kec_ws/src/sensor/sensor_temp/install/local_setup.bash'
[0.405s] INFO:colcon.colcon_core.shell:Creating prefix chain script '/home/nuc-bt/kec_ws/src/sensor/sensor_temp/install/setup.bash'
[0.407s] INFO:colcon.colcon_core.shell:Creating prefix script '/home/nuc-bt/kec_ws/src/sensor/sensor_temp/install/local_setup.zsh'
[0.407s] INFO:colcon.colcon_core.shell:Creating prefix chain script '/home/nuc-bt/kec_ws/src/sensor/sensor_temp/install/setup.zsh'
