[0.011s] Invoking command in '/home/nuc-bt/kec_ws/src/sensor/sensor_temp/build/sensor_temp': CMAKE_PREFIX_PATH=${CMAKE_PREFIX_PATH}:/home/nuc-bt/kec_ws/src/service/sound_player/install/sound_player:/home/nuc-bt/kec_ws/src/service/path_graph_data/install/path_storage:/home/nuc-bt/kec_ws/src/sensor/gps/install/ntrip_client:/home/nuc-bt/kec_ws/src/rms/ktp_rms/ktp_interface/install/ktp_interface:/home/nuc-bt/kec_ws/src/rms/ktp_rms/ktp_task_controller/install/ktp_task_controller:/home/nuc-bt/kec_ws/src/rms/ktp_rms/ktp_data_manager/install/ktp_data_manager:/opt/ros/humble /usr/bin/cmake --build /home/nuc-bt/kec_ws/src/sensor/sensor_temp/build/sensor_temp -- -j8 -l8
[0.047s] [35m[1mConsolidate compiler generated dependencies of target sensor_temp_node[0m
[0.061s] [100%] Built target sensor_temp_node
[0.069s] Invoked command in '/home/nuc-bt/kec_ws/src/sensor/sensor_temp/build/sensor_temp' returned '0': CMAKE_PREFIX_PATH=${CMAKE_PREFIX_PATH}:/home/nuc-bt/kec_ws/src/service/sound_player/install/sound_player:/home/nuc-bt/kec_ws/src/service/path_graph_data/install/path_storage:/home/nuc-bt/kec_ws/src/sensor/gps/install/ntrip_client:/home/nuc-bt/kec_ws/src/rms/ktp_rms/ktp_interface/install/ktp_interface:/home/nuc-bt/kec_ws/src/rms/ktp_rms/ktp_task_controller/install/ktp_task_controller:/home/nuc-bt/kec_ws/src/rms/ktp_rms/ktp_data_manager/install/ktp_data_manager:/opt/ros/humble /usr/bin/cmake --build /home/nuc-bt/kec_ws/src/sensor/sensor_temp/build/sensor_temp -- -j8 -l8
[0.104s] Invoking command in '/home/nuc-bt/kec_ws/src/sensor/sensor_temp/build/sensor_temp': CMAKE_PREFIX_PATH=${CMAKE_PREFIX_PATH}:/home/nuc-bt/kec_ws/src/service/sound_player/install/sound_player:/home/nuc-bt/kec_ws/src/service/path_graph_data/install/path_storage:/home/nuc-bt/kec_ws/src/sensor/gps/install/ntrip_client:/home/nuc-bt/kec_ws/src/rms/ktp_rms/ktp_interface/install/ktp_interface:/home/nuc-bt/kec_ws/src/rms/ktp_rms/ktp_task_controller/install/ktp_task_controller:/home/nuc-bt/kec_ws/src/rms/ktp_rms/ktp_data_manager/install/ktp_data_manager:/opt/ros/humble /usr/bin/cmake --install /home/nuc-bt/kec_ws/src/sensor/sensor_temp/build/sensor_temp
[0.109s] -- Install configuration: ""
[0.109s] -- Execute custom install script
[0.110s] -- Up-to-date symlink: /home/nuc-bt/kec_ws/src/sensor/sensor_temp/install/sensor_temp/lib/sensor_temp/sensor_temp_node
[0.110s] -- Up-to-date symlink: /home/nuc-bt/kec_ws/src/sensor/sensor_temp/install/sensor_temp/share/sensor_temp/launch/__pycache__/obstacle_detection.launch.cpython-310.pyc
[0.110s] -- Up-to-date symlink: /home/nuc-bt/kec_ws/src/sensor/sensor_temp/install/sensor_temp/share/sensor_temp/launch/sensor_temp.launch.py
[0.110s] -- Up-to-date symlink: /home/nuc-bt/kec_ws/src/sensor/sensor_temp/install/sensor_temp/share/ament_index/resource_index/package_run_dependencies/sensor_temp
[0.111s] -- Up-to-date symlink: /home/nuc-bt/kec_ws/src/sensor/sensor_temp/install/sensor_temp/share/ament_index/resource_index/parent_prefix_path/sensor_temp
[0.111s] -- Up-to-date symlink: /home/nuc-bt/kec_ws/src/sensor/sensor_temp/install/sensor_temp/share/sensor_temp/environment/ament_prefix_path.sh
[0.111s] -- Up-to-date symlink: /home/nuc-bt/kec_ws/src/sensor/sensor_temp/install/sensor_temp/share/sensor_temp/environment/ament_prefix_path.dsv
[0.111s] -- Up-to-date symlink: /home/nuc-bt/kec_ws/src/sensor/sensor_temp/install/sensor_temp/share/sensor_temp/environment/path.sh
[0.111s] -- Up-to-date symlink: /home/nuc-bt/kec_ws/src/sensor/sensor_temp/install/sensor_temp/share/sensor_temp/environment/path.dsv
[0.111s] -- Up-to-date symlink: /home/nuc-bt/kec_ws/src/sensor/sensor_temp/install/sensor_temp/share/sensor_temp/local_setup.bash
[0.112s] -- Up-to-date symlink: /home/nuc-bt/kec_ws/src/sensor/sensor_temp/install/sensor_temp/share/sensor_temp/local_setup.sh
[0.112s] -- Up-to-date symlink: /home/nuc-bt/kec_ws/src/sensor/sensor_temp/install/sensor_temp/share/sensor_temp/local_setup.zsh
[0.112s] -- Up-to-date symlink: /home/nuc-bt/kec_ws/src/sensor/sensor_temp/install/sensor_temp/share/sensor_temp/local_setup.dsv
[0.112s] -- Symlinking: /home/nuc-bt/kec_ws/src/sensor/sensor_temp/install/sensor_temp/share/sensor_temp/package.dsv
[0.119s] -- Up-to-date symlink: /home/nuc-bt/kec_ws/src/sensor/sensor_temp/install/sensor_temp/share/ament_index/resource_index/packages/sensor_temp
[0.119s] -- Up-to-date symlink: /home/nuc-bt/kec_ws/src/sensor/sensor_temp/install/sensor_temp/share/sensor_temp/cmake/sensor_tempConfig.cmake
[0.119s] -- Up-to-date symlink: /home/nuc-bt/kec_ws/src/sensor/sensor_temp/install/sensor_temp/share/sensor_temp/cmake/sensor_tempConfig-version.cmake
[0.120s] -- Up-to-date symlink: /home/nuc-bt/kec_ws/src/sensor/sensor_temp/install/sensor_temp/share/sensor_temp/package.xml
[0.121s] Invoked command in '/home/nuc-bt/kec_ws/src/sensor/sensor_temp/build/sensor_temp' returned '0': CMAKE_PREFIX_PATH=${CMAKE_PREFIX_PATH}:/home/nuc-bt/kec_ws/src/service/sound_player/install/sound_player:/home/nuc-bt/kec_ws/src/service/path_graph_data/install/path_storage:/home/nuc-bt/kec_ws/src/sensor/gps/install/ntrip_client:/home/nuc-bt/kec_ws/src/rms/ktp_rms/ktp_interface/install/ktp_interface:/home/nuc-bt/kec_ws/src/rms/ktp_rms/ktp_task_controller/install/ktp_task_controller:/home/nuc-bt/kec_ws/src/rms/ktp_rms/ktp_data_manager/install/ktp_data_manager:/opt/ros/humble /usr/bin/cmake --install /home/nuc-bt/kec_ws/src/sensor/sensor_temp/build/sensor_temp
