[0.011s] Invoking command in '/home/nuc-bt/kec_ws/src/sensor/sensor_temp/build/sensor_temp': CMAKE_PREFIX_PATH=${CMAKE_PREFIX_PATH}:/home/nuc-bt/kec_ws/src/service/sound_player/install/sound_player:/home/nuc-bt/kec_ws/src/service/path_graph_data/install/path_storage:/home/nuc-bt/kec_ws/src/sensor/gps/install/ntrip_client:/home/nuc-bt/kec_ws/src/rms/ktp_rms/ktp_dummy_data_generator/install/ktp_dummy_data_generator:/home/nuc-bt/kec_ws/src/rms/ktp_rms/ktp_interface/install/ktp_interface:/home/nuc-bt/kec_ws/src/rms/ktp_rms/ktp_task_controller/install/ktp_task_controller:/home/nuc-bt/kec_ws/src/rms/ktp_rms/ktp_data_manager/install/ktp_data_manager:/opt/ros/humble /usr/bin/cmake /home/nuc-bt/kec_ws/src/sensor/sensor_temp -DAMENT_CMAKE_SYMLINK_INSTALL=1 -DCMAKE_INSTALL_PREFIX=/home/nuc-bt/kec_ws/src/sensor/sensor_temp/install/sensor_temp
[0.060s] -- The C compiler identification is GNU 11.4.0
[0.099s] -- The CXX compiler identification is GNU 11.4.0
[0.106s] -- Detecting C compiler ABI info
[0.159s] -- Detecting C compiler ABI info - done
[0.163s] -- Check for working C compiler: /usr/bin/cc - skipped
[0.164s] -- Detecting C compile features
[0.164s] -- Detecting C compile features - done
[0.166s] -- Detecting CXX compiler ABI info
[0.225s] -- Detecting CXX compiler ABI info - done
[0.230s] -- Check for working CXX compiler: /usr/bin/c++ - skipped
[0.230s] -- Detecting CXX compile features
[0.231s] -- Detecting CXX compile features - done
[0.235s] -- Found ament_cmake: 1.3.8 (/opt/ros/humble/share/ament_cmake/cmake)
[0.364s] -- Found Python3: /usr/bin/python3 (found version "3.10.12") found components: Interpreter 
[0.416s] -- Override CMake install command with custom implementation using symlinks instead of copying resources
[0.468s] -- Found sensor_msgs: 4.2.3 (/opt/ros/humble/share/sensor_msgs/cmake)
[0.516s] -- Found rosidl_generator_c: 3.1.5 (/opt/ros/humble/share/rosidl_generator_c/cmake)
[0.524s] -- Found rosidl_adapter: 3.1.5 (/opt/ros/humble/share/rosidl_adapter/cmake)
[0.535s] -- Found rosidl_generator_cpp: 3.1.5 (/opt/ros/humble/share/rosidl_generator_cpp/cmake)
[0.551s] -- Using all available rosidl_typesupport_c: rosidl_typesupport_fastrtps_c;rosidl_typesupport_introspection_c
[0.572s] -- Using all available rosidl_typesupport_cpp: rosidl_typesupport_fastrtps_cpp;rosidl_typesupport_introspection_cpp
[0.720s] -- Found rclcpp: 16.0.8 (/opt/ros/humble/share/rclcpp/cmake)
[0.784s] -- Found rmw_implementation_cmake: 6.1.1 (/opt/ros/humble/share/rmw_implementation_cmake/cmake)
[0.790s] -- Found rmw_fastrtps_cpp: 6.2.6 (/opt/ros/humble/share/rmw_fastrtps_cpp/cmake)
[0.886s] -- Found OpenSSL: /usr/lib/x86_64-linux-gnu/libcrypto.so (found version "3.0.2")  
[0.908s] -- Found FastRTPS: /opt/ros/humble/include  
[0.945s] -- Using RMW implementation 'rmw_fastrtps_cpp' as default
[0.959s] -- Looking for pthread.h
[1.013s] -- Looking for pthread.h - found
[1.013s] -- Performing Test CMAKE_HAVE_LIBC_PTHREAD
[1.068s] -- Performing Test CMAKE_HAVE_LIBC_PTHREAD - Success
[1.069s] -- Found Threads: TRUE  
[1.210s] -- Configuring done
[1.215s] -- Generating done
[1.216s] -- Build files have been written to: /home/nuc-bt/kec_ws/src/sensor/sensor_temp/build/sensor_temp
[1.223s] Invoked command in '/home/nuc-bt/kec_ws/src/sensor/sensor_temp/build/sensor_temp' returned '0': CMAKE_PREFIX_PATH=${CMAKE_PREFIX_PATH}:/home/nuc-bt/kec_ws/src/service/sound_player/install/sound_player:/home/nuc-bt/kec_ws/src/service/path_graph_data/install/path_storage:/home/nuc-bt/kec_ws/src/sensor/gps/install/ntrip_client:/home/nuc-bt/kec_ws/src/rms/ktp_rms/ktp_dummy_data_generator/install/ktp_dummy_data_generator:/home/nuc-bt/kec_ws/src/rms/ktp_rms/ktp_interface/install/ktp_interface:/home/nuc-bt/kec_ws/src/rms/ktp_rms/ktp_task_controller/install/ktp_task_controller:/home/nuc-bt/kec_ws/src/rms/ktp_rms/ktp_data_manager/install/ktp_data_manager:/opt/ros/humble /usr/bin/cmake /home/nuc-bt/kec_ws/src/sensor/sensor_temp -DAMENT_CMAKE_SYMLINK_INSTALL=1 -DCMAKE_INSTALL_PREFIX=/home/nuc-bt/kec_ws/src/sensor/sensor_temp/install/sensor_temp
[1.224s] Invoking command in '/home/nuc-bt/kec_ws/src/sensor/sensor_temp/build/sensor_temp': CMAKE_PREFIX_PATH=${CMAKE_PREFIX_PATH}:/home/nuc-bt/kec_ws/src/service/sound_player/install/sound_player:/home/nuc-bt/kec_ws/src/service/path_graph_data/install/path_storage:/home/nuc-bt/kec_ws/src/sensor/gps/install/ntrip_client:/home/nuc-bt/kec_ws/src/rms/ktp_rms/ktp_dummy_data_generator/install/ktp_dummy_data_generator:/home/nuc-bt/kec_ws/src/rms/ktp_rms/ktp_interface/install/ktp_interface:/home/nuc-bt/kec_ws/src/rms/ktp_rms/ktp_task_controller/install/ktp_task_controller:/home/nuc-bt/kec_ws/src/rms/ktp_rms/ktp_data_manager/install/ktp_data_manager:/opt/ros/humble /usr/bin/cmake --build /home/nuc-bt/kec_ws/src/sensor/sensor_temp/build/sensor_temp -- -j8 -l8
[1.265s] [ 66%] [32mBuilding CXX object CMakeFiles/sensor_temp_node.dir/src/main.cpp.o[0m
[1.265s] [ 66%] [32mBuilding CXX object CMakeFiles/sensor_temp_node.dir/src/sensor_temp.cpp.o[0m
[4.194s] [100%] [32m[1mLinking CXX executable sensor_temp_node[0m
[4.325s] [100%] Built target sensor_temp_node
[4.333s] Invoked command in '/home/nuc-bt/kec_ws/src/sensor/sensor_temp/build/sensor_temp' returned '0': CMAKE_PREFIX_PATH=${CMAKE_PREFIX_PATH}:/home/nuc-bt/kec_ws/src/service/sound_player/install/sound_player:/home/nuc-bt/kec_ws/src/service/path_graph_data/install/path_storage:/home/nuc-bt/kec_ws/src/sensor/gps/install/ntrip_client:/home/nuc-bt/kec_ws/src/rms/ktp_rms/ktp_dummy_data_generator/install/ktp_dummy_data_generator:/home/nuc-bt/kec_ws/src/rms/ktp_rms/ktp_interface/install/ktp_interface:/home/nuc-bt/kec_ws/src/rms/ktp_rms/ktp_task_controller/install/ktp_task_controller:/home/nuc-bt/kec_ws/src/rms/ktp_rms/ktp_data_manager/install/ktp_data_manager:/opt/ros/humble /usr/bin/cmake --build /home/nuc-bt/kec_ws/src/sensor/sensor_temp/build/sensor_temp -- -j8 -l8
[4.371s] Invoking command in '/home/nuc-bt/kec_ws/src/sensor/sensor_temp/build/sensor_temp': CMAKE_PREFIX_PATH=${CMAKE_PREFIX_PATH}:/home/nuc-bt/kec_ws/src/service/sound_player/install/sound_player:/home/nuc-bt/kec_ws/src/service/path_graph_data/install/path_storage:/home/nuc-bt/kec_ws/src/sensor/gps/install/ntrip_client:/home/nuc-bt/kec_ws/src/rms/ktp_rms/ktp_dummy_data_generator/install/ktp_dummy_data_generator:/home/nuc-bt/kec_ws/src/rms/ktp_rms/ktp_interface/install/ktp_interface:/home/nuc-bt/kec_ws/src/rms/ktp_rms/ktp_task_controller/install/ktp_task_controller:/home/nuc-bt/kec_ws/src/rms/ktp_rms/ktp_data_manager/install/ktp_data_manager:/opt/ros/humble /usr/bin/cmake --install /home/nuc-bt/kec_ws/src/sensor/sensor_temp/build/sensor_temp
[4.376s] -- Install configuration: ""
[4.377s] -- Execute custom install script
[4.377s] -- Symlinking: /home/nuc-bt/kec_ws/src/sensor/sensor_temp/install/sensor_temp/lib/sensor_temp/sensor_temp_node
[4.384s] -- Symlinking: /home/nuc-bt/kec_ws/src/sensor/sensor_temp/install/sensor_temp/share/sensor_temp/launch/__pycache__/obstacle_detection.launch.cpython-310.pyc
[4.391s] -- Symlinking: /home/nuc-bt/kec_ws/src/sensor/sensor_temp/install/sensor_temp/share/sensor_temp/launch/sensor_temp.launch.py
[4.398s] -- Symlinking: /home/nuc-bt/kec_ws/src/sensor/sensor_temp/install/sensor_temp/share/ament_index/resource_index/package_run_dependencies/sensor_temp
[4.405s] -- Symlinking: /home/nuc-bt/kec_ws/src/sensor/sensor_temp/install/sensor_temp/share/ament_index/resource_index/parent_prefix_path/sensor_temp
[4.412s] -- Symlinking: /home/nuc-bt/kec_ws/src/sensor/sensor_temp/install/sensor_temp/share/sensor_temp/environment/ament_prefix_path.sh
[4.418s] -- Symlinking: /home/nuc-bt/kec_ws/src/sensor/sensor_temp/install/sensor_temp/share/sensor_temp/environment/ament_prefix_path.dsv
[4.425s] -- Symlinking: /home/nuc-bt/kec_ws/src/sensor/sensor_temp/install/sensor_temp/share/sensor_temp/environment/path.sh
[4.432s] -- Symlinking: /home/nuc-bt/kec_ws/src/sensor/sensor_temp/install/sensor_temp/share/sensor_temp/environment/path.dsv
[4.439s] -- Symlinking: /home/nuc-bt/kec_ws/src/sensor/sensor_temp/install/sensor_temp/share/sensor_temp/local_setup.bash
[4.446s] -- Symlinking: /home/nuc-bt/kec_ws/src/sensor/sensor_temp/install/sensor_temp/share/sensor_temp/local_setup.sh
[4.452s] -- Symlinking: /home/nuc-bt/kec_ws/src/sensor/sensor_temp/install/sensor_temp/share/sensor_temp/local_setup.zsh
[4.460s] -- Symlinking: /home/nuc-bt/kec_ws/src/sensor/sensor_temp/install/sensor_temp/share/sensor_temp/local_setup.dsv
[4.466s] -- Symlinking: /home/nuc-bt/kec_ws/src/sensor/sensor_temp/install/sensor_temp/share/sensor_temp/package.dsv
[4.473s] -- Symlinking: /home/nuc-bt/kec_ws/src/sensor/sensor_temp/install/sensor_temp/share/ament_index/resource_index/packages/sensor_temp
[4.480s] -- Symlinking: /home/nuc-bt/kec_ws/src/sensor/sensor_temp/install/sensor_temp/share/sensor_temp/cmake/sensor_tempConfig.cmake
[4.486s] -- Symlinking: /home/nuc-bt/kec_ws/src/sensor/sensor_temp/install/sensor_temp/share/sensor_temp/cmake/sensor_tempConfig-version.cmake
[4.493s] -- Symlinking: /home/nuc-bt/kec_ws/src/sensor/sensor_temp/install/sensor_temp/share/sensor_temp/package.xml
[4.502s] Invoked command in '/home/nuc-bt/kec_ws/src/sensor/sensor_temp/build/sensor_temp' returned '0': CMAKE_PREFIX_PATH=${CMAKE_PREFIX_PATH}:/home/nuc-bt/kec_ws/src/service/sound_player/install/sound_player:/home/nuc-bt/kec_ws/src/service/path_graph_data/install/path_storage:/home/nuc-bt/kec_ws/src/sensor/gps/install/ntrip_client:/home/nuc-bt/kec_ws/src/rms/ktp_rms/ktp_dummy_data_generator/install/ktp_dummy_data_generator:/home/nuc-bt/kec_ws/src/rms/ktp_rms/ktp_interface/install/ktp_interface:/home/nuc-bt/kec_ws/src/rms/ktp_rms/ktp_task_controller/install/ktp_task_controller:/home/nuc-bt/kec_ws/src/rms/ktp_rms/ktp_data_manager/install/ktp_data_manager:/opt/ros/humble /usr/bin/cmake --install /home/nuc-bt/kec_ws/src/sensor/sensor_temp/build/sensor_temp
