-- The C compiler identification is GNU 11.4.0
-- The CXX compiler identification is GNU 11.4.0
-- Detecting C compiler ABI info
-- Detecting C compiler ABI info - done
-- Check for working C compiler: /usr/bin/cc - skipped
-- Detecting C compile features
-- Detecting C compile features - done
-- Detecting CXX compiler ABI info
-- Detecting CXX compiler ABI info - done
-- Check for working CXX compiler: /usr/bin/c++ - skipped
-- Detecting CXX compile features
-- Detecting CXX compile features - done
-- Found ament_cmake: 1.3.8 (/opt/ros/humble/share/ament_cmake/cmake)
-- Found Python3: /usr/bin/python3 (found version "3.10.12") found components: Interpreter 
-- Override CMake install command with custom implementation using symlinks instead of copying resources
-- Found sensor_msgs: 4.2.3 (/opt/ros/humble/share/sensor_msgs/cmake)
-- Found rosidl_generator_c: 3.1.5 (/opt/ros/humble/share/rosidl_generator_c/cmake)
-- Found rosidl_adapter: 3.1.5 (/opt/ros/humble/share/rosidl_adapter/cmake)
-- Found rosidl_generator_cpp: 3.1.5 (/opt/ros/humble/share/rosidl_generator_cpp/cmake)
-- Using all available rosidl_typesupport_c: rosidl_typesupport_fastrtps_c;rosidl_typesupport_introspection_c
-- Using all available rosidl_typesupport_cpp: rosidl_typesupport_fastrtps_cpp;rosidl_typesupport_introspection_cpp
-- Found rclcpp: 16.0.8 (/opt/ros/humble/share/rclcpp/cmake)
-- Found rmw_implementation_cmake: 6.1.1 (/opt/ros/humble/share/rmw_implementation_cmake/cmake)
-- Found rmw_fastrtps_cpp: 6.2.6 (/opt/ros/humble/share/rmw_fastrtps_cpp/cmake)
-- Found OpenSSL: /usr/lib/x86_64-linux-gnu/libcrypto.so (found version "3.0.2")  
-- Found FastRTPS: /opt/ros/humble/include  
-- Using RMW implementation 'rmw_fastrtps_cpp' as default
-- Looking for pthread.h
-- Looking for pthread.h - found
-- Performing Test CMAKE_HAVE_LIBC_PTHREAD
-- Performing Test CMAKE_HAVE_LIBC_PTHREAD - Success
-- Found Threads: TRUE  
-- Configuring done
-- Generating done
-- Build files have been written to: /home/ubuntu/ros2_ws/src/sensor_temp/build/sensor_temp
[ 33%] [32mBuilding CXX object CMakeFiles/sensor_temp_node.dir/src/main.cpp.o[0m
[ 66%] [32mBuilding CXX object CMakeFiles/sensor_temp_node.dir/src/sensor_temp.cpp.o[0m
[100%] [32m[1mLinking CXX executable sensor_temp_node[0m
[100%] Built target sensor_temp_node
-- Install configuration: ""
-- Execute custom install script
-- Symlinking: /home/ubuntu/ros2_ws/src/sensor_temp/install/sensor_temp/lib/sensor_temp/sensor_temp_node
-- Symlinking: /home/ubuntu/ros2_ws/src/sensor_temp/install/sensor_temp/share/ament_index/resource_index/package_run_dependencies/sensor_temp
-- Symlinking: /home/ubuntu/ros2_ws/src/sensor_temp/install/sensor_temp/share/ament_index/resource_index/parent_prefix_path/sensor_temp
-- Symlinking: /home/ubuntu/ros2_ws/src/sensor_temp/install/sensor_temp/share/sensor_temp/environment/ament_prefix_path.sh
-- Symlinking: /home/ubuntu/ros2_ws/src/sensor_temp/install/sensor_temp/share/sensor_temp/environment/ament_prefix_path.dsv
-- Symlinking: /home/ubuntu/ros2_ws/src/sensor_temp/install/sensor_temp/share/sensor_temp/environment/path.sh
-- Symlinking: /home/ubuntu/ros2_ws/src/sensor_temp/install/sensor_temp/share/sensor_temp/environment/path.dsv
-- Symlinking: /home/ubuntu/ros2_ws/src/sensor_temp/install/sensor_temp/share/sensor_temp/local_setup.bash
-- Symlinking: /home/ubuntu/ros2_ws/src/sensor_temp/install/sensor_temp/share/sensor_temp/local_setup.sh
-- Symlinking: /home/ubuntu/ros2_ws/src/sensor_temp/install/sensor_temp/share/sensor_temp/local_setup.zsh
-- Symlinking: /home/ubuntu/ros2_ws/src/sensor_temp/install/sensor_temp/share/sensor_temp/local_setup.dsv
-- Symlinking: /home/ubuntu/ros2_ws/src/sensor_temp/install/sensor_temp/share/sensor_temp/package.dsv
-- Symlinking: /home/ubuntu/ros2_ws/src/sensor_temp/install/sensor_temp/share/ament_index/resource_index/packages/sensor_temp
-- Symlinking: /home/ubuntu/ros2_ws/src/sensor_temp/install/sensor_temp/share/sensor_temp/cmake/sensor_tempConfig.cmake
-- Symlinking: /home/ubuntu/ros2_ws/src/sensor_temp/install/sensor_temp/share/sensor_temp/cmake/sensor_tempConfig-version.cmake
-- Symlinking: /home/ubuntu/ros2_ws/src/sensor_temp/install/sensor_temp/share/sensor_temp/package.xml
