[0.011s] Invoking command in '/home/ubuntu/ros2_ws/src/sensor_temp/build/sensor_temp': CMAKE_PREFIX_PATH=${CMAKE_PREFIX_PATH}:/opt/ros/humble /usr/bin/cmake /home/ubuntu/ros2_ws/src/sensor_temp -DAMENT_CMAKE_SYMLINK_INSTALL=1 -DCMAKE_INSTALL_PREFIX=/home/ubuntu/ros2_ws/src/sensor_temp/install/sensor_temp
[0.092s] -- The C compiler identification is GNU 11.4.0
[0.179s] -- The CXX compiler identification is GNU 11.4.0
[0.191s] -- Detecting C compiler ABI info
[0.283s] -- Detecting C compiler ABI info - done
[0.305s] -- Check for working C compiler: /usr/bin/cc - skipped
[0.306s] -- Detecting C compile features
[0.307s] -- Detecting C compile features - done
[0.312s] -- Detecting CXX compiler ABI info
[0.420s] -- Detecting CXX compiler ABI info - done
[0.441s] -- Check for working CXX compiler: /usr/bin/c++ - skipped
[0.442s] -- Detecting CXX compile features
[0.443s] -- Detecting CXX compile features - done
[0.447s] -- Found ament_cmake: 1.3.8 (/opt/ros/humble/share/ament_cmake/cmake)
[0.695s] -- Found Python3: /usr/bin/python3 (found version "3.10.12") found components: Interpreter 
[0.788s] -- Override CMake install command with custom implementation using symlinks instead of copying resources
[0.832s] -- Found sensor_msgs: 4.2.3 (/opt/ros/humble/share/sensor_msgs/cmake)
[0.893s] -- Found rosidl_generator_c: 3.1.5 (/opt/ros/humble/share/rosidl_generator_c/cmake)
[0.905s] -- Found rosidl_adapter: 3.1.5 (/opt/ros/humble/share/rosidl_adapter/cmake)
[0.921s] -- Found rosidl_generator_cpp: 3.1.5 (/opt/ros/humble/share/rosidl_generator_cpp/cmake)
[0.950s] -- Using all available rosidl_typesupport_c: rosidl_typesupport_fastrtps_c;rosidl_typesupport_introspection_c
[0.989s] -- Using all available rosidl_typesupport_cpp: rosidl_typesupport_fastrtps_cpp;rosidl_typesupport_introspection_cpp
[1.463s] -- Found rclcpp: 16.0.8 (/opt/ros/humble/share/rclcpp/cmake)
[1.592s] -- Found rmw_implementation_cmake: 6.1.1 (/opt/ros/humble/share/rmw_implementation_cmake/cmake)
[1.597s] -- Found rmw_fastrtps_cpp: 6.2.6 (/opt/ros/humble/share/rmw_fastrtps_cpp/cmake)
[1.759s] -- Found OpenSSL: /usr/lib/x86_64-linux-gnu/libcrypto.so (found version "3.0.2")  
[1.802s] -- Found FastRTPS: /opt/ros/humble/include  
[1.878s] -- Using RMW implementation 'rmw_fastrtps_cpp' as default
[1.895s] -- Looking for pthread.h
[1.989s] -- Looking for pthread.h - found
[1.990s] -- Performing Test CMAKE_HAVE_LIBC_PTHREAD
[2.085s] -- Performing Test CMAKE_HAVE_LIBC_PTHREAD - Success
[2.087s] -- Found Threads: TRUE  
[2.500s] -- Configuring done
[2.527s] -- Generating done
[2.531s] -- Build files have been written to: /home/ubuntu/ros2_ws/src/sensor_temp/build/sensor_temp
[2.554s] Invoked command in '/home/ubuntu/ros2_ws/src/sensor_temp/build/sensor_temp' returned '0': CMAKE_PREFIX_PATH=${CMAKE_PREFIX_PATH}:/opt/ros/humble /usr/bin/cmake /home/ubuntu/ros2_ws/src/sensor_temp -DAMENT_CMAKE_SYMLINK_INSTALL=1 -DCMAKE_INSTALL_PREFIX=/home/ubuntu/ros2_ws/src/sensor_temp/install/sensor_temp
[2.555s] Invoking command in '/home/ubuntu/ros2_ws/src/sensor_temp/build/sensor_temp': CMAKE_PREFIX_PATH=${CMAKE_PREFIX_PATH}:/opt/ros/humble /usr/bin/cmake --build /home/ubuntu/ros2_ws/src/sensor_temp/build/sensor_temp -- -j1 -l1
[2.620s] [ 33%] [32mBuilding CXX object CMakeFiles/sensor_temp_node.dir/src/main.cpp.o[0m
[7.127s] [ 66%] [32mBuilding CXX object CMakeFiles/sensor_temp_node.dir/src/sensor_temp.cpp.o[0m
[13.561s] [100%] [32m[1mLinking CXX executable sensor_temp_node[0m
[13.857s] [100%] Built target sensor_temp_node
[13.872s] Invoked command in '/home/ubuntu/ros2_ws/src/sensor_temp/build/sensor_temp' returned '0': CMAKE_PREFIX_PATH=${CMAKE_PREFIX_PATH}:/opt/ros/humble /usr/bin/cmake --build /home/ubuntu/ros2_ws/src/sensor_temp/build/sensor_temp -- -j1 -l1
[13.917s] Invoking command in '/home/ubuntu/ros2_ws/src/sensor_temp/build/sensor_temp': CMAKE_PREFIX_PATH=${CMAKE_PREFIX_PATH}:/opt/ros/humble /usr/bin/cmake --install /home/ubuntu/ros2_ws/src/sensor_temp/build/sensor_temp
[13.927s] -- Install configuration: ""
[13.929s] -- Execute custom install script
[13.930s] -- Symlinking: /home/ubuntu/ros2_ws/src/sensor_temp/install/sensor_temp/lib/sensor_temp/sensor_temp_node
[13.940s] -- Symlinking: /home/ubuntu/ros2_ws/src/sensor_temp/install/sensor_temp/share/ament_index/resource_index/package_run_dependencies/sensor_temp
[13.952s] -- Symlinking: /home/ubuntu/ros2_ws/src/sensor_temp/install/sensor_temp/share/ament_index/resource_index/parent_prefix_path/sensor_temp
[13.963s] -- Symlinking: /home/ubuntu/ros2_ws/src/sensor_temp/install/sensor_temp/share/sensor_temp/environment/ament_prefix_path.sh
[13.975s] -- Symlinking: /home/ubuntu/ros2_ws/src/sensor_temp/install/sensor_temp/share/sensor_temp/environment/ament_prefix_path.dsv
[13.986s] -- Symlinking: /home/ubuntu/ros2_ws/src/sensor_temp/install/sensor_temp/share/sensor_temp/environment/path.sh
[13.997s] -- Symlinking: /home/ubuntu/ros2_ws/src/sensor_temp/install/sensor_temp/share/sensor_temp/environment/path.dsv
[14.007s] -- Symlinking: /home/ubuntu/ros2_ws/src/sensor_temp/install/sensor_temp/share/sensor_temp/local_setup.bash
[14.018s] -- Symlinking: /home/ubuntu/ros2_ws/src/sensor_temp/install/sensor_temp/share/sensor_temp/local_setup.sh
[14.028s] -- Symlinking: /home/ubuntu/ros2_ws/src/sensor_temp/install/sensor_temp/share/sensor_temp/local_setup.zsh
[14.039s] -- Symlinking: /home/ubuntu/ros2_ws/src/sensor_temp/install/sensor_temp/share/sensor_temp/local_setup.dsv
[14.049s] -- Symlinking: /home/ubuntu/ros2_ws/src/sensor_temp/install/sensor_temp/share/sensor_temp/package.dsv
[14.060s] -- Symlinking: /home/ubuntu/ros2_ws/src/sensor_temp/install/sensor_temp/share/ament_index/resource_index/packages/sensor_temp
[14.072s] -- Symlinking: /home/ubuntu/ros2_ws/src/sensor_temp/install/sensor_temp/share/sensor_temp/cmake/sensor_tempConfig.cmake
[14.083s] -- Symlinking: /home/ubuntu/ros2_ws/src/sensor_temp/install/sensor_temp/share/sensor_temp/cmake/sensor_tempConfig-version.cmake
[14.093s] -- Symlinking: /home/ubuntu/ros2_ws/src/sensor_temp/install/sensor_temp/share/sensor_temp/package.xml
[14.108s] Invoked command in '/home/ubuntu/ros2_ws/src/sensor_temp/build/sensor_temp' returned '0': CMAKE_PREFIX_PATH=${CMAKE_PREFIX_PATH}:/opt/ros/humble /usr/bin/cmake --install /home/ubuntu/ros2_ws/src/sensor_temp/build/sensor_temp
