[35m[1mConsolidate compiler generated dependencies of target sensor_temp_node[0m
[ 33%] [32mBuilding CXX object CMakeFiles/sensor_temp_node.dir/src/sensor_temp.cpp.o[0m
In file included from [01m[K/opt/ros/humble/include/rclcpp/rclcpp/logging.hpp:24[m[K,
                 from [01m[K/opt/ros/humble/include/rclcpp/rclcpp/client.hpp:40[m[K,
                 from [01m[K/opt/ros/humble/include/rclcpp/rclcpp/callback_group.hpp:24[m[K,
                 from [01m[K/opt/ros/humble/include/rclcpp/rclcpp/any_executable.hpp:20[m[K,
                 from [01m[K/opt/ros/humble/include/rclcpp/rclcpp/memory_strategy.hpp:25[m[K,
                 from [01m[K/opt/ros/humble/include/rclcpp/rclcpp/memory_strategies.hpp:18[m[K,
                 from [01m[K/opt/ros/humble/include/rclcpp/rclcpp/executor_options.hpp:20[m[K,
                 from [01m[K/opt/ros/humble/include/rclcpp/rclcpp/executor.hpp:37[m[K,
                 from [01m[K/opt/ros/humble/include/rclcpp/rclcpp/executors/multi_threaded_executor.hpp:25[m[K,
                 from [01m[K/opt/ros/humble/include/rclcpp/rclcpp/executors.hpp:21[m[K,
                 from [01m[K/opt/ros/humble/include/rclcpp/rclcpp/rclcpp.hpp:155[m[K,
                 from [01m[K/home/nuc-bt/kec_ws/src/sensor/sensor_temp/include/sensor_temp/sensor_temp.hpp:7[m[K,
                 from [01m[K/home/nuc-bt/kec_ws/src/sensor/sensor_temp/src/sensor_temp.cpp:1[m[K:
[01m[K/home/nuc-bt/kec_ws/src/sensor/sensor_temp/src/sensor_temp.cpp:[m[K In member function ‘[01m[Kint SensorTemp::pub_temp_hum()[m[K’:
[01m[K/home/nuc-bt/kec_ws/src/sensor/sensor_temp/src/sensor_temp.cpp:71:49:[m[K [01;35m[Kwarning: [m[Kformat ‘[01m[K%lf[m[K’ expects argument of type ‘[01m[Kdouble[m[K’, but argument 5 has type ‘[01m[Kchar*[m[K’ [[01;35m[K-Wformat=[m[K]
   71 |                 RCLCPP_INFO(this->get_logger(), [01;35m[K"TEMP = %lf, HUM = %lf"[m[K,[32m[Ktemp_val[m[K,hum_val );
      |                                                 [01;35m[K^~~~~~~~~~~~~~~~~~~~~~~[m[K [32m[K~~~~~~~~[m[K
      |                                                                         [32m[K|[m[K
      |                                                                         [32m[Kchar*[m[K
[01m[K/home/nuc-bt/kec_ws/src/sensor/sensor_temp/src/sensor_temp.cpp:71:59:[m[K [01;36m[Knote: [m[Kformat string is defined here
   71 |                 RCLCPP_INFO(this->get_logger(), "TEMP = [01;36m[K%lf[m[K, HUM = %lf",temp_val,hum_val );
      |                                                         [01;36m[K~~^[m[K
      |                                                           [01;36m[K|[m[K
      |                                                           [01;36m[Kdouble[m[K
      |                                                         [32m[K%s[m[K
In file included from [01m[K/opt/ros/humble/include/rclcpp/rclcpp/logging.hpp:24[m[K,
                 from [01m[K/opt/ros/humble/include/rclcpp/rclcpp/client.hpp:40[m[K,
                 from [01m[K/opt/ros/humble/include/rclcpp/rclcpp/callback_group.hpp:24[m[K,
                 from [01m[K/opt/ros/humble/include/rclcpp/rclcpp/any_executable.hpp:20[m[K,
                 from [01m[K/opt/ros/humble/include/rclcpp/rclcpp/memory_strategy.hpp:25[m[K,
                 from [01m[K/opt/ros/humble/include/rclcpp/rclcpp/memory_strategies.hpp:18[m[K,
                 from [01m[K/opt/ros/humble/include/rclcpp/rclcpp/executor_options.hpp:20[m[K,
                 from [01m[K/opt/ros/humble/include/rclcpp/rclcpp/executor.hpp:37[m[K,
                 from [01m[K/opt/ros/humble/include/rclcpp/rclcpp/executors/multi_threaded_executor.hpp:25[m[K,
                 from [01m[K/opt/ros/humble/include/rclcpp/rclcpp/executors.hpp:21[m[K,
                 from [01m[K/opt/ros/humble/include/rclcpp/rclcpp/rclcpp.hpp:155[m[K,
                 from [01m[K/home/nuc-bt/kec_ws/src/sensor/sensor_temp/include/sensor_temp/sensor_temp.hpp:7[m[K,
                 from [01m[K/home/nuc-bt/kec_ws/src/sensor/sensor_temp/src/sensor_temp.cpp:1[m[K:
[01m[K/home/nuc-bt/kec_ws/src/sensor/sensor_temp/src/sensor_temp.cpp:71:49:[m[K [01;35m[Kwarning: [m[Kformat ‘[01m[K%lf[m[K’ expects argument of type ‘[01m[Kdouble[m[K’, but argument 6 has type ‘[01m[Kchar*[m[K’ [[01;35m[K-Wformat=[m[K]
   71 |                 RCLCPP_INFO(this->get_logger(), [01;35m[K"TEMP = %lf, HUM = %lf"[m[K,temp_val,[32m[Khum_val[m[K );
      |                                                 [01;35m[K^~~~~~~~~~~~~~~~~~~~~~~[m[K          [32m[K~~~~~~~[m[K
      |                                                                                  [32m[K|[m[K
      |                                                                                  [32m[Kchar*[m[K
[01m[K/home/nuc-bt/kec_ws/src/sensor/sensor_temp/src/sensor_temp.cpp:71:70:[m[K [01;36m[Knote: [m[Kformat string is defined here
   71 |                 RCLCPP_INFO(this->get_logger(), "TEMP = %lf, HUM = [01;36m[K%lf[m[K",temp_val,hum_val );
      |                                                                    [01;36m[K~~^[m[K
      |                                                                      [01;36m[K|[m[K
      |                                                                      [01;36m[Kdouble[m[K
      |                                                                    [32m[K%s[m[K
[ 66%] [32m[1mLinking CXX executable sensor_temp_node[0m
[100%] Built target sensor_temp_node
-- Install configuration: ""
-- Execute custom install script
-- Up-to-date symlink: /home/nuc-bt/kec_ws/src/sensor/sensor_temp/install/sensor_temp/lib/sensor_temp/sensor_temp_node
-- Up-to-date symlink: /home/nuc-bt/kec_ws/src/sensor/sensor_temp/install/sensor_temp/share/sensor_temp/launch/__pycache__/obstacle_detection.launch.cpython-310.pyc
-- Up-to-date symlink: /home/nuc-bt/kec_ws/src/sensor/sensor_temp/install/sensor_temp/share/sensor_temp/launch/sensor_temp.launch.py
-- Up-to-date symlink: /home/nuc-bt/kec_ws/src/sensor/sensor_temp/install/sensor_temp/share/ament_index/resource_index/package_run_dependencies/sensor_temp
-- Up-to-date symlink: /home/nuc-bt/kec_ws/src/sensor/sensor_temp/install/sensor_temp/share/ament_index/resource_index/parent_prefix_path/sensor_temp
-- Up-to-date symlink: /home/nuc-bt/kec_ws/src/sensor/sensor_temp/install/sensor_temp/share/sensor_temp/environment/ament_prefix_path.sh
-- Up-to-date symlink: /home/nuc-bt/kec_ws/src/sensor/sensor_temp/install/sensor_temp/share/sensor_temp/environment/ament_prefix_path.dsv
-- Up-to-date symlink: /home/nuc-bt/kec_ws/src/sensor/sensor_temp/install/sensor_temp/share/sensor_temp/environment/path.sh
-- Up-to-date symlink: /home/nuc-bt/kec_ws/src/sensor/sensor_temp/install/sensor_temp/share/sensor_temp/environment/path.dsv
-- Up-to-date symlink: /home/nuc-bt/kec_ws/src/sensor/sensor_temp/install/sensor_temp/share/sensor_temp/local_setup.bash
-- Up-to-date symlink: /home/nuc-bt/kec_ws/src/sensor/sensor_temp/install/sensor_temp/share/sensor_temp/local_setup.sh
-- Up-to-date symlink: /home/nuc-bt/kec_ws/src/sensor/sensor_temp/install/sensor_temp/share/sensor_temp/local_setup.zsh
-- Up-to-date symlink: /home/nuc-bt/kec_ws/src/sensor/sensor_temp/install/sensor_temp/share/sensor_temp/local_setup.dsv
-- Symlinking: /home/nuc-bt/kec_ws/src/sensor/sensor_temp/install/sensor_temp/share/sensor_temp/package.dsv
-- Up-to-date symlink: /home/nuc-bt/kec_ws/src/sensor/sensor_temp/install/sensor_temp/share/ament_index/resource_index/packages/sensor_temp
-- Up-to-date symlink: /home/nuc-bt/kec_ws/src/sensor/sensor_temp/install/sensor_temp/share/sensor_temp/cmake/sensor_tempConfig.cmake
-- Up-to-date symlink: /home/nuc-bt/kec_ws/src/sensor/sensor_temp/install/sensor_temp/share/sensor_temp/cmake/sensor_tempConfig-version.cmake
-- Up-to-date symlink: /home/nuc-bt/kec_ws/src/sensor/sensor_temp/install/sensor_temp/share/sensor_temp/package.xml
