[0.011s] Invoking command in '/home/nuc-bt/kec_ws/src/sensor/sensor_temp/build/sensor_temp': CMAKE_PREFIX_PATH=${CMAKE_PREFIX_PATH}:/home/nuc-bt/kec_ws/src/service/sound_player/install/sound_player:/home/nuc-bt/kec_ws/src/service/path_graph_data/install/path_storage:/home/nuc-bt/kec_ws/src/sensor/gps/install/ntrip_client:/home/nuc-bt/kec_ws/src/rms/ktp_rms/ktp_dummy_data_generator/install/ktp_dummy_data_generator:/home/nuc-bt/kec_ws/src/rms/ktp_rms/ktp_interface/install/ktp_interface:/home/nuc-bt/kec_ws/src/rms/ktp_rms/ktp_task_controller/install/ktp_task_controller:/home/nuc-bt/kec_ws/src/rms/ktp_rms/ktp_data_manager/install/ktp_data_manager:/opt/ros/humble /usr/bin/cmake --build /home/nuc-bt/kec_ws/src/sensor/sensor_temp/build/sensor_temp -- -j8 -l8
[0.043s] [35m[1mConsolidate compiler generated dependencies of target sensor_temp_node[0m
[0.057s] [ 33%] [32mBuilding CXX object CMakeFiles/sensor_temp_node.dir/src/sensor_temp.cpp.o[0m
[2.633s] [ 66%] [32m[1mLinking CXX executable sensor_temp_node[0m
[2.755s] [100%] Built target sensor_temp_node
[2.763s] Invoked command in '/home/nuc-bt/kec_ws/src/sensor/sensor_temp/build/sensor_temp' returned '0': CMAKE_PREFIX_PATH=${CMAKE_PREFIX_PATH}:/home/nuc-bt/kec_ws/src/service/sound_player/install/sound_player:/home/nuc-bt/kec_ws/src/service/path_graph_data/install/path_storage:/home/nuc-bt/kec_ws/src/sensor/gps/install/ntrip_client:/home/nuc-bt/kec_ws/src/rms/ktp_rms/ktp_dummy_data_generator/install/ktp_dummy_data_generator:/home/nuc-bt/kec_ws/src/rms/ktp_rms/ktp_interface/install/ktp_interface:/home/nuc-bt/kec_ws/src/rms/ktp_rms/ktp_task_controller/install/ktp_task_controller:/home/nuc-bt/kec_ws/src/rms/ktp_rms/ktp_data_manager/install/ktp_data_manager:/opt/ros/humble /usr/bin/cmake --build /home/nuc-bt/kec_ws/src/sensor/sensor_temp/build/sensor_temp -- -j8 -l8
[2.797s] Invoking command in '/home/nuc-bt/kec_ws/src/sensor/sensor_temp/build/sensor_temp': CMAKE_PREFIX_PATH=${CMAKE_PREFIX_PATH}:/home/nuc-bt/kec_ws/src/service/sound_player/install/sound_player:/home/nuc-bt/kec_ws/src/service/path_graph_data/install/path_storage:/home/nuc-bt/kec_ws/src/sensor/gps/install/ntrip_client:/home/nuc-bt/kec_ws/src/rms/ktp_rms/ktp_dummy_data_generator/install/ktp_dummy_data_generator:/home/nuc-bt/kec_ws/src/rms/ktp_rms/ktp_interface/install/ktp_interface:/home/nuc-bt/kec_ws/src/rms/ktp_rms/ktp_task_controller/install/ktp_task_controller:/home/nuc-bt/kec_ws/src/rms/ktp_rms/ktp_data_manager/install/ktp_data_manager:/opt/ros/humble /usr/bin/cmake --install /home/nuc-bt/kec_ws/src/sensor/sensor_temp/build/sensor_temp
[2.803s] -- Install configuration: ""
[2.803s] -- Execute custom install script
[2.803s] -- Up-to-date symlink: /home/nuc-bt/kec_ws/src/sensor/sensor_temp/install/sensor_temp/lib/sensor_temp/sensor_temp_node
[2.803s] -- Up-to-date symlink: /home/nuc-bt/kec_ws/src/sensor/sensor_temp/install/sensor_temp/share/sensor_temp/launch/__pycache__/obstacle_detection.launch.cpython-310.pyc
[2.803s] -- Up-to-date symlink: /home/nuc-bt/kec_ws/src/sensor/sensor_temp/install/sensor_temp/share/sensor_temp/launch/sensor_temp.launch.py
[2.804s] -- Up-to-date symlink: /home/nuc-bt/kec_ws/src/sensor/sensor_temp/install/sensor_temp/share/ament_index/resource_index/package_run_dependencies/sensor_temp
[2.804s] -- Up-to-date symlink: /home/nuc-bt/kec_ws/src/sensor/sensor_temp/install/sensor_temp/share/ament_index/resource_index/parent_prefix_path/sensor_temp
[2.804s] -- Up-to-date symlink: /home/nuc-bt/kec_ws/src/sensor/sensor_temp/install/sensor_temp/share/sensor_temp/environment/ament_prefix_path.sh
[2.804s] -- Up-to-date symlink: /home/nuc-bt/kec_ws/src/sensor/sensor_temp/install/sensor_temp/share/sensor_temp/environment/ament_prefix_path.dsv
[2.804s] -- Up-to-date symlink: /home/nuc-bt/kec_ws/src/sensor/sensor_temp/install/sensor_temp/share/sensor_temp/environment/path.sh
[2.804s] -- Up-to-date symlink: /home/nuc-bt/kec_ws/src/sensor/sensor_temp/install/sensor_temp/share/sensor_temp/environment/path.dsv
[2.804s] -- Up-to-date symlink: /home/nuc-bt/kec_ws/src/sensor/sensor_temp/install/sensor_temp/share/sensor_temp/local_setup.bash
[2.804s] -- Up-to-date symlink: /home/nuc-bt/kec_ws/src/sensor/sensor_temp/install/sensor_temp/share/sensor_temp/local_setup.sh
[2.804s] -- Up-to-date symlink: /home/nuc-bt/kec_ws/src/sensor/sensor_temp/install/sensor_temp/share/sensor_temp/local_setup.zsh
[2.804s] -- Up-to-date symlink: /home/nuc-bt/kec_ws/src/sensor/sensor_temp/install/sensor_temp/share/sensor_temp/local_setup.dsv
[2.804s] -- Symlinking: /home/nuc-bt/kec_ws/src/sensor/sensor_temp/install/sensor_temp/share/sensor_temp/package.dsv
[2.811s] -- Up-to-date symlink: /home/nuc-bt/kec_ws/src/sensor/sensor_temp/install/sensor_temp/share/ament_index/resource_index/packages/sensor_temp
[2.811s] -- Up-to-date symlink: /home/nuc-bt/kec_ws/src/sensor/sensor_temp/install/sensor_temp/share/sensor_temp/cmake/sensor_tempConfig.cmake
[2.812s] -- Up-to-date symlink: /home/nuc-bt/kec_ws/src/sensor/sensor_temp/install/sensor_temp/share/sensor_temp/cmake/sensor_tempConfig-version.cmake
[2.812s] -- Up-to-date symlink: /home/nuc-bt/kec_ws/src/sensor/sensor_temp/install/sensor_temp/share/sensor_temp/package.xml
[2.813s] Invoked command in '/home/nuc-bt/kec_ws/src/sensor/sensor_temp/build/sensor_temp' returned '0': CMAKE_PREFIX_PATH=${CMAKE_PREFIX_PATH}:/home/nuc-bt/kec_ws/src/service/sound_player/install/sound_player:/home/nuc-bt/kec_ws/src/service/path_graph_data/install/path_storage:/home/nuc-bt/kec_ws/src/sensor/gps/install/ntrip_client:/home/nuc-bt/kec_ws/src/rms/ktp_rms/ktp_dummy_data_generator/install/ktp_dummy_data_generator:/home/nuc-bt/kec_ws/src/rms/ktp_rms/ktp_interface/install/ktp_interface:/home/nuc-bt/kec_ws/src/rms/ktp_rms/ktp_task_controller/install/ktp_task_controller:/home/nuc-bt/kec_ws/src/rms/ktp_rms/ktp_data_manager/install/ktp_data_manager:/opt/ros/humble /usr/bin/cmake --install /home/nuc-bt/kec_ws/src/sensor/sensor_temp/build/sensor_temp
